("make_assertion" "tze" - ("term" "0"))
("e_hyps lists:" ())
("e_levels:" (()))
("max_level of ehyps frame stack:" 0)
("e_hyps_list:" Nil)
("mand_vars:" ())
("dvs:" ())
("f_hyps lists:" ((1 (Cons ("term" "t") (Cons ("term" "r") (Cons ("term" "s") (Cons ("wff" "P") (Cons ("wff" "Q") Nil))))))))
("f_levels:" (1))
("max_level of fhyps frame stack:" 1.0)
("collect list:" 1 - (Cons ("term" "t") (Cons ("term" "r") (Cons ("term" "s") (Cons ("wff" "P") (Cons ("wff" "Q") Nil))))))
("f_hyps_list:" (Cons ("term" "t") (Cons ("term" "r") (Cons ("term" "s") (Cons ("wff" "P") (Cons ("wff" "Q") Nil))))))
("f_hyps:" Nil)
("mand_vars':" ())
("gathered assertion data:" () () () ("term" "0"))
("make_assertion" "tpl" - ("term" "(" "t" "+" "r" ")"))
("e_hyps lists:" ())
("e_levels:" (()))
("max_level of ehyps frame stack:" 0)
("e_hyps_list:" Nil)
("mand_vars:" ("t" "r"))
("dvs:" ())
("f_hyps lists:" ((1 (Cons ("term" "t") (Cons ("term" "r") (Cons ("term" "s") (Cons ("wff" "P") (Cons ("wff" "Q") Nil))))))))
("f_levels:" (1))
("max_level of fhyps frame stack:" 1.0)
("collect list:" 1 - (Cons ("term" "t") (Cons ("term" "r") (Cons ("term" "s") (Cons ("wff" "P") (Cons ("wff" "Q") Nil))))))
("f_hyps_list:" (Cons ("term" "t") (Cons ("term" "r") (Cons ("term" "s") (Cons ("wff" "P") (Cons ("wff" "Q") Nil))))))
("f_hyps:" (Cons ("term" "t") (Cons ("term" "r") Nil)))
("mand_vars':" ())
("gathered assertion data:" () (("term" "t") ("term" "r")) () ("term" "(" "t" "+" "r" ")"))
("make_assertion" "weq" - ("wff" "t" "=" "r"))
("e_hyps lists:" ())
("e_levels:" (()))
("max_level of ehyps frame stack:" 0)
("e_hyps_list:" Nil)
("mand_vars:" ("t" "r"))
("dvs:" ())
("f_hyps lists:" ((1 (Cons ("term" "t") (Cons ("term" "r") (Cons ("term" "s") (Cons ("wff" "P") (Cons ("wff" "Q") Nil))))))))
("f_levels:" (1))
("max_level of fhyps frame stack:" 1.0)
("collect list:" 1 - (Cons ("term" "t") (Cons ("term" "r") (Cons ("term" "s") (Cons ("wff" "P") (Cons ("wff" "Q") Nil))))))
("f_hyps_list:" (Cons ("term" "t") (Cons ("term" "r") (Cons ("term" "s") (Cons ("wff" "P") (Cons ("wff" "Q") Nil))))))
("f_hyps:" (Cons ("term" "t") (Cons ("term" "r") Nil)))
("mand_vars':" ())
("gathered assertion data:" () (("term" "t") ("term" "r")) () ("wff" "t" "=" "r"))
("make_assertion" "wim" - ("wff" "(" "P" "->" "Q" ")"))
("e_hyps lists:" ())
("e_levels:" (()))
("max_level of ehyps frame stack:" 0)
("e_hyps_list:" Nil)
("mand_vars:" ("P" "Q"))
("dvs:" ())
("f_hyps lists:" ((1 (Cons ("term" "t") (Cons ("term" "r") (Cons ("term" "s") (Cons ("wff" "P") (Cons ("wff" "Q") Nil))))))))
("f_levels:" (1))
("max_level of fhyps frame stack:" 1.0)
("collect list:" 1 - (Cons ("term" "t") (Cons ("term" "r") (Cons ("term" "s") (Cons ("wff" "P") (Cons ("wff" "Q") Nil))))))
("f_hyps_list:" (Cons ("term" "t") (Cons ("term" "r") (Cons ("term" "s") (Cons ("wff" "P") (Cons ("wff" "Q") Nil))))))
("f_hyps:" (Cons ("wff" "P") (Cons ("wff" "Q") Nil)))
("mand_vars':" ())
("gathered assertion data:" () (("wff" "P") ("wff" "Q")) () ("wff" "(" "P" "->" "Q" ")"))
("make_assertion" "a1" - ("|-" "(" "t" "=" "r" "->" "(" "t" "=" "s" "->" "r" "=" "s" ")" ")"))
("e_hyps lists:" ())
("e_levels:" (()))
("max_level of ehyps frame stack:" 0)
("e_hyps_list:" Nil)
("mand_vars:" ("t" "r" "s"))
("dvs:" ())
("f_hyps lists:" ((1 (Cons ("term" "t") (Cons ("term" "r") (Cons ("term" "s") (Cons ("wff" "P") (Cons ("wff" "Q") Nil))))))))
("f_levels:" (1))
("max_level of fhyps frame stack:" 1.0)
("collect list:" 1 - (Cons ("term" "t") (Cons ("term" "r") (Cons ("term" "s") (Cons ("wff" "P") (Cons ("wff" "Q") Nil))))))
("f_hyps_list:" (Cons ("term" "t") (Cons ("term" "r") (Cons ("term" "s") (Cons ("wff" "P") (Cons ("wff" "Q") Nil))))))
("f_hyps:" (Cons ("term" "t") (Cons ("term" "r") (Cons ("term" "s") Nil))))
("mand_vars':" ())
("gathered assertion data:" () (("term" "t") ("term" "r") ("term" "s")) () ("|-" "(" "t" "=" "r" "->" "(" "t" "=" "s" "->" "r" "=" "s" ")" ")"))
("make_assertion" "a2" - ("|-" "(" "t" "+" "0" ")" "=" "t"))
("e_hyps lists:" ())
("e_levels:" (()))
("max_level of ehyps frame stack:" 0)
("e_hyps_list:" Nil)
("mand_vars:" ("t"))
("dvs:" ())
("f_hyps lists:" ((1 (Cons ("term" "t") (Cons ("term" "r") (Cons ("term" "s") (Cons ("wff" "P") (Cons ("wff" "Q") Nil))))))))
("f_levels:" (1))
("max_level of fhyps frame stack:" 1.0)
("collect list:" 1 - (Cons ("term" "t") (Cons ("term" "r") (Cons ("term" "s") (Cons ("wff" "P") (Cons ("wff" "Q") Nil))))))
("f_hyps_list:" (Cons ("term" "t") (Cons ("term" "r") (Cons ("term" "s") (Cons ("wff" "P") (Cons ("wff" "Q") Nil))))))
("f_hyps:" (Cons ("term" "t") Nil))
("mand_vars':" ())
("gathered assertion data:" () (("term" "t")) () ("|-" "(" "t" "+" "0" ")" "=" "t"))
("add essential hypothesis:" (label "min") (Statement ("|-" "P")) (level 2))
("add essential hypothesis:" (label "maj") (Statement ("|-" "(" "P" "->" "Q" ")")) (level 2))
("make_assertion" "mp" - ("|-" "Q"))
("e_hyps lists:" ((2 (Cons ("|-" "P") (Cons ("|-" "(" "P" "->" "Q" ")") Nil)))))
("e_levels:" (2))
("max_level of ehyps frame stack:" 2.0)
("collect list:" 1 - Nil)
("collect list:" 2 - (Cons ("|-" "P") (Cons ("|-" "(" "P" "->" "Q" ")") Nil)))
("e_hyps_list:" (Cons ("|-" "P") (Cons ("|-" "(" "P" "->" "Q" ")") Nil)))
("mand_vars:" ("P" "Q"))
("dvs:" ())
("f_hyps lists:" ((1 (Cons ("term" "t") (Cons ("term" "r") (Cons ("term" "s") (Cons ("wff" "P") (Cons ("wff" "Q") Nil))))))))
("f_levels:" (1))
("max_level of fhyps frame stack:" 1.0)
("collect list:" 1 - (Cons ("term" "t") (Cons ("term" "r") (Cons ("term" "s") (Cons ("wff" "P") (Cons ("wff" "Q") Nil))))))
("f_hyps_list:" (Cons ("term" "t") (Cons ("term" "r") (Cons ("term" "s") (Cons ("wff" "P") (Cons ("wff" "Q") Nil))))))
("f_hyps:" (Cons ("wff" "P") (Cons ("wff" "Q") Nil)))
("mand_vars':" ())
("gathered assertion data:" () (("wff" "P") ("wff" "Q")) (("|-" "P") ("|-" "(" "P" "->" "Q" ")")) ("|-" "Q"))

(Verifying conclusion ("th1") ("|-" "t" "=" "t") with proof ("tt" "tze" "tpl" "tt" "weq" "tt" "tt" "weq" "tt" "a2" "tt" "tze" "tpl" "tt" "weq" "tt" "tze" "tpl" "tt" "weq" "tt" "tt" "weq" "wim" "tt" "a2" "tt" "tze" "tpl" "tt" "tt" "a1" "mp" "mp"))
(Got Proof: ("tt" "tze" "tpl" "tt" "weq" "tt" "tt" "weq" "tt" "a2" "tt" "tze" "tpl" "tt" "weq" "tt" "tze" "tpl" "tt" "weq" "tt" "tt" "weq" "wim" "tt" "a2" "tt" "tze" "tpl" "tt" "tt" "a1" "mp" "mp"))
(»»» treating label "tt")
(FHyp "tt" data: ((Typecode "term") (FVar "t") (Type "$f")))
(»»» treating label "tze")
(Assertion "tze" data: ((DVars ()) (FHyps ()) (EHyps ()) (Statement ("term" "0")) (Type "$a")))
(stack_len: 1.0 , npop: 0 , sp: 1.0)
(new_conclusion: ("term" "0"))
(stack ("tze") : (((Num 0) ("term" "t")) ((Num 1.0) ("term" "0"))))
(»»» treating label "tpl")
(Assertion "tpl" data: ((DVars ()) (FHyps (("term" "t") ("term" "r"))) (EHyps ()) (Statement ("term" "(" "t" "+" "r" ")")) (Type "$a")))
(stack_len: 2.0 , npop: 2 , sp: 0.0)
("adding subst" "t" ("t"))
("adding subst" "r" ("0"))
(new_conclusion: ("term" "(" "t" "+" "0" ")"))
(stack ("tpl") : (((Num 0) ("term" "(" "t" "+" "0" ")"))))
(»»» treating label "tt")
(FHyp "tt" data: ((Typecode "term") (FVar "t") (Type "$f")))
(»»» treating label "weq")
(Assertion "weq" data: ((DVars ()) (FHyps (("term" "t") ("term" "r"))) (EHyps ()) (Statement ("wff" "t" "=" "r")) (Type "$a")))
(stack_len: 2.0 , npop: 2 , sp: 0.0)
("adding subst" "t" ("(" "t" "+" "0" ")"))
("adding subst" "r" ("t"))
(new_conclusion: ("wff" "(" "t" "+" "0" ")" "=" "t"))
(stack ("weq") : (((Num 0) ("wff" "(" "t" "+" "0" ")" "=" "t"))))
(»»» treating label "tt")
(FHyp "tt" data: ((Typecode "term") (FVar "t") (Type "$f")))
(»»» treating label "tt")
(FHyp "tt" data: ((Typecode "term") (FVar "t") (Type "$f")))
(»»» treating label "weq")
(Assertion "weq" data: ((DVars ()) (FHyps (("term" "t") ("term" "r"))) (EHyps ()) (Statement ("wff" "t" "=" "r")) (Type "$a")))
(stack_len: 3.0 , npop: 2 , sp: 1.0)
("adding subst" "t" ("t"))
("adding subst" "r" ("t"))
(new_conclusion: ("wff" "t" "=" "t"))
(stack ("weq") : (((Num 0) ("wff" "(" "t" "+" "0" ")" "=" "t")) ((Num 1.0) ("wff" "t" "=" "t"))))
(»»» treating label "tt")
(FHyp "tt" data: ((Typecode "term") (FVar "t") (Type "$f")))
(»»» treating label "a2")
(Assertion "a2" data: ((DVars ()) (FHyps (("term" "t"))) (EHyps ()) (Statement ("|-" "(" "t" "+" "0" ")" "=" "t")) (Type "$a")))
(stack_len: 3.0 , npop: 1 , sp: 2.0)
("adding subst" "t" ("t"))
(new_conclusion: ("|-" "(" "t" "+" "0" ")" "=" "t"))
(stack ("a2") : (((Num 0) ("wff" "(" "t" "+" "0" ")" "=" "t")) ((Num 1.0) ("wff" "t" "=" "t")) ((Num 2.0) ("|-" "(" "t" "+" "0" ")" "=" "t"))))
(»»» treating label "tt")
(FHyp "tt" data: ((Typecode "term") (FVar "t") (Type "$f")))
(»»» treating label "tze")
(Assertion "tze" data: ((DVars ()) (FHyps ()) (EHyps ()) (Statement ("term" "0")) (Type "$a")))
(stack_len: 4.0 , npop: 0 , sp: 4.0)
(new_conclusion: ("term" "0"))
(stack ("tze") : (((Num 0) ("wff" "(" "t" "+" "0" ")" "=" "t")) ((Num 1.0) ("wff" "t" "=" "t")) ((Num 2.0) ("|-" "(" "t" "+" "0" ")" "=" "t")) ((Num 3.0) ("term" "t")) ((Num 4.0) ("term" "0"))))
(»»» treating label "tpl")
(Assertion "tpl" data: ((DVars ()) (FHyps (("term" "t") ("term" "r"))) (EHyps ()) (Statement ("term" "(" "t" "+" "r" ")")) (Type "$a")))
(stack_len: 5.0 , npop: 2 , sp: 3.0)
("adding subst" "t" ("t"))
("adding subst" "r" ("0"))
(new_conclusion: ("term" "(" "t" "+" "0" ")"))
(stack ("tpl") : (((Num 0) ("wff" "(" "t" "+" "0" ")" "=" "t")) ((Num 1.0) ("wff" "t" "=" "t")) ((Num 2.0) ("|-" "(" "t" "+" "0" ")" "=" "t")) ((Num 3.0) ("term" "(" "t" "+" "0" ")"))))
(»»» treating label "tt")
(FHyp "tt" data: ((Typecode "term") (FVar "t") (Type "$f")))
(»»» treating label "weq")
(Assertion "weq" data: ((DVars ()) (FHyps (("term" "t") ("term" "r"))) (EHyps ()) (Statement ("wff" "t" "=" "r")) (Type "$a")))
(stack_len: 5.0 , npop: 2 , sp: 3.0)
("adding subst" "t" ("(" "t" "+" "0" ")"))
("adding subst" "r" ("t"))
(new_conclusion: ("wff" "(" "t" "+" "0" ")" "=" "t"))
(stack ("weq") : (((Num 0) ("wff" "(" "t" "+" "0" ")" "=" "t")) ((Num 1.0) ("wff" "t" "=" "t")) ((Num 2.0) ("|-" "(" "t" "+" "0" ")" "=" "t")) ((Num 3.0) ("wff" "(" "t" "+" "0" ")" "=" "t"))))
(»»» treating label "tt")
(FHyp "tt" data: ((Typecode "term") (FVar "t") (Type "$f")))
(»»» treating label "tze")
(Assertion "tze" data: ((DVars ()) (FHyps ()) (EHyps ()) (Statement ("term" "0")) (Type "$a")))
(stack_len: 5.0 , npop: 0 , sp: 5.0)
(new_conclusion: ("term" "0"))
(stack ("tze") : (((Num 0) ("wff" "(" "t" "+" "0" ")" "=" "t")) ((Num 1.0) ("wff" "t" "=" "t")) ((Num 2.0) ("|-" "(" "t" "+" "0" ")" "=" "t")) ((Num 3.0) ("wff" "(" "t" "+" "0" ")" "=" "t")) ((Num 4.0) ("term" "t")) ((Num 5.0) ("term" "0"))))
(»»» treating label "tpl")
(Assertion "tpl" data: ((DVars ()) (FHyps (("term" "t") ("term" "r"))) (EHyps ()) (Statement ("term" "(" "t" "+" "r" ")")) (Type "$a")))
(stack_len: 6.0 , npop: 2 , sp: 4.0)
("adding subst" "t" ("t"))
("adding subst" "r" ("0"))
(new_conclusion: ("term" "(" "t" "+" "0" ")"))
(stack ("tpl") : (((Num 0) ("wff" "(" "t" "+" "0" ")" "=" "t")) ((Num 1.0) ("wff" "t" "=" "t")) ((Num 2.0) ("|-" "(" "t" "+" "0" ")" "=" "t")) ((Num 3.0) ("wff" "(" "t" "+" "0" ")" "=" "t")) ((Num 4.0) ("term" "(" "t" "+" "0" ")"))))
(»»» treating label "tt")
(FHyp "tt" data: ((Typecode "term") (FVar "t") (Type "$f")))
(»»» treating label "weq")
(Assertion "weq" data: ((DVars ()) (FHyps (("term" "t") ("term" "r"))) (EHyps ()) (Statement ("wff" "t" "=" "r")) (Type "$a")))
(stack_len: 6.0 , npop: 2 , sp: 4.0)
("adding subst" "t" ("(" "t" "+" "0" ")"))
("adding subst" "r" ("t"))
(new_conclusion: ("wff" "(" "t" "+" "0" ")" "=" "t"))
(stack ("weq") : (((Num 0) ("wff" "(" "t" "+" "0" ")" "=" "t")) ((Num 1.0) ("wff" "t" "=" "t")) ((Num 2.0) ("|-" "(" "t" "+" "0" ")" "=" "t")) ((Num 3.0) ("wff" "(" "t" "+" "0" ")" "=" "t")) ((Num 4.0) ("wff" "(" "t" "+" "0" ")" "=" "t"))))
(»»» treating label "tt")
(FHyp "tt" data: ((Typecode "term") (FVar "t") (Type "$f")))
(»»» treating label "tt")
(FHyp "tt" data: ((Typecode "term") (FVar "t") (Type "$f")))
(»»» treating label "weq")
(Assertion "weq" data: ((DVars ()) (FHyps (("term" "t") ("term" "r"))) (EHyps ()) (Statement ("wff" "t" "=" "r")) (Type "$a")))
(stack_len: 7.0 , npop: 2 , sp: 5.0)
("adding subst" "t" ("t"))
("adding subst" "r" ("t"))
(new_conclusion: ("wff" "t" "=" "t"))
(stack ("weq") : (((Num 0) ("wff" "(" "t" "+" "0" ")" "=" "t")) ((Num 1.0) ("wff" "t" "=" "t")) ((Num 2.0) ("|-" "(" "t" "+" "0" ")" "=" "t")) ((Num 3.0) ("wff" "(" "t" "+" "0" ")" "=" "t")) ((Num 4.0) ("wff" "(" "t" "+" "0" ")" "=" "t")) ((Num 5.0) ("wff" "t" "=" "t"))))
(»»» treating label "wim")
(Assertion "wim" data: ((DVars ()) (FHyps (("wff" "P") ("wff" "Q"))) (EHyps ()) (Statement ("wff" "(" "P" "->" "Q" ")")) (Type "$a")))
(stack_len: 6.0 , npop: 2 , sp: 4.0)
("adding subst" "P" ("(" "t" "+" "0" ")" "=" "t"))
("adding subst" "Q" ("t" "=" "t"))
(new_conclusion: ("wff" "(" "(" "t" "+" "0" ")" "=" "t" "->" "t" "=" "t" ")"))
(stack ("wim") : (((Num 0) ("wff" "(" "t" "+" "0" ")" "=" "t")) ((Num 1.0) ("wff" "t" "=" "t")) ((Num 2.0) ("|-" "(" "t" "+" "0" ")" "=" "t")) ((Num 3.0) ("wff" "(" "t" "+" "0" ")" "=" "t")) ((Num 4.0) ("wff" "(" "(" "t" "+" "0" ")" "=" "t" "->" "t" "=" "t" ")"))))
(»»» treating label "tt")
(FHyp "tt" data: ((Typecode "term") (FVar "t") (Type "$f")))
(»»» treating label "a2")
(Assertion "a2" data: ((DVars ()) (FHyps (("term" "t"))) (EHyps ()) (Statement ("|-" "(" "t" "+" "0" ")" "=" "t")) (Type "$a")))
(stack_len: 6.0 , npop: 1 , sp: 5.0)
("adding subst" "t" ("t"))
(new_conclusion: ("|-" "(" "t" "+" "0" ")" "=" "t"))
(stack ("a2") : (((Num 0) ("wff" "(" "t" "+" "0" ")" "=" "t")) ((Num 1.0) ("wff" "t" "=" "t")) ((Num 2.0) ("|-" "(" "t" "+" "0" ")" "=" "t")) ((Num 3.0) ("wff" "(" "t" "+" "0" ")" "=" "t")) ((Num 4.0) ("wff" "(" "(" "t" "+" "0" ")" "=" "t" "->" "t" "=" "t" ")")) ((Num 5.0) ("|-" "(" "t" "+" "0" ")" "=" "t"))))
(»»» treating label "tt")
(FHyp "tt" data: ((Typecode "term") (FVar "t") (Type "$f")))
(»»» treating label "tze")
(Assertion "tze" data: ((DVars ()) (FHyps ()) (EHyps ()) (Statement ("term" "0")) (Type "$a")))
(stack_len: 7.0 , npop: 0 , sp: 7.0)
(new_conclusion: ("term" "0"))
(stack ("tze") : (((Num 0) ("wff" "(" "t" "+" "0" ")" "=" "t")) ((Num 1.0) ("wff" "t" "=" "t")) ((Num 2.0) ("|-" "(" "t" "+" "0" ")" "=" "t")) ((Num 3.0) ("wff" "(" "t" "+" "0" ")" "=" "t")) ((Num 4.0) ("wff" "(" "(" "t" "+" "0" ")" "=" "t" "->" "t" "=" "t" ")")) ((Num 5.0) ("|-" "(" "t" "+" "0" ")" "=" "t")) ((Num 6.0) ("term" "t")) ((Num 7.0) ("term" "0"))))
(»»» treating label "tpl")
(Assertion "tpl" data: ((DVars ()) (FHyps (("term" "t") ("term" "r"))) (EHyps ()) (Statement ("term" "(" "t" "+" "r" ")")) (Type "$a")))
(stack_len: 8.0 , npop: 2 , sp: 6.0)
("adding subst" "t" ("t"))
("adding subst" "r" ("0"))
(new_conclusion: ("term" "(" "t" "+" "0" ")"))
(stack ("tpl") : (((Num 0) ("wff" "(" "t" "+" "0" ")" "=" "t")) ((Num 1.0) ("wff" "t" "=" "t")) ((Num 2.0) ("|-" "(" "t" "+" "0" ")" "=" "t")) ((Num 3.0) ("wff" "(" "t" "+" "0" ")" "=" "t")) ((Num 4.0) ("wff" "(" "(" "t" "+" "0" ")" "=" "t" "->" "t" "=" "t" ")")) ((Num 5.0) ("|-" "(" "t" "+" "0" ")" "=" "t")) ((Num 6.0) ("term" "(" "t" "+" "0" ")"))))
(»»» treating label "tt")
(FHyp "tt" data: ((Typecode "term") (FVar "t") (Type "$f")))
(»»» treating label "tt")
(FHyp "tt" data: ((Typecode "term") (FVar "t") (Type "$f")))
(»»» treating label "a1")
(Assertion "a1" data: ((DVars ()) (FHyps (("term" "t") ("term" "r") ("term" "s"))) (EHyps ()) (Statement ("|-" "(" "t" "=" "r" "->" "(" "t" "=" "s" "->" "r" "=" "s" ")" ")")) (Type "$a")))
(stack_len: 9.0 , npop: 3 , sp: 6.0)
("adding subst" "t" ("(" "t" "+" "0" ")"))
("adding subst" "r" ("t"))
("adding subst" "s" ("t"))
(new_conclusion: ("|-" "(" "(" "t" "+" "0" ")" "=" "t" "->" "(" "(" "t" "+" "0" ")" "=" "t" "->" "t" "=" "t" ")" ")"))
(stack ("a1") : (((Num 0) ("wff" "(" "t" "+" "0" ")" "=" "t")) ((Num 1.0) ("wff" "t" "=" "t")) ((Num 2.0) ("|-" "(" "t" "+" "0" ")" "=" "t")) ((Num 3.0) ("wff" "(" "t" "+" "0" ")" "=" "t")) ((Num 4.0) ("wff" "(" "(" "t" "+" "0" ")" "=" "t" "->" "t" "=" "t" ")")) ((Num 5.0) ("|-" "(" "t" "+" "0" ")" "=" "t")) ((Num 6.0) ("|-" "(" "(" "t" "+" "0" ")" "=" "t" "->" "(" "(" "t" "+" "0" ")" "=" "t" "->" "t" "=" "t" ")" ")"))))
(»»» treating label "mp")
(Assertion "mp" data: ((DVars ()) (FHyps (("wff" "P") ("wff" "Q"))) (EHyps (("|-" "P") ("|-" "(" "P" "->" "Q" ")"))) (Statement ("|-" "Q")) (Type "$a")))
(stack_len: 7.0 , npop: 4 , sp: 3.0)
("adding subst" "P" ("(" "t" "+" "0" ")" "=" "t"))
("adding subst" "Q" ("(" "(" "t" "+" "0" ")" "=" "t" "->" "t" "=" "t" ")"))
(new_conclusion: ("|-" "(" "(" "t" "+" "0" ")" "=" "t" "->" "t" "=" "t" ")"))
(stack ("mp") : (((Num 0) ("wff" "(" "t" "+" "0" ")" "=" "t")) ((Num 1.0) ("wff" "t" "=" "t")) ((Num 2.0) ("|-" "(" "t" "+" "0" ")" "=" "t")) ((Num 3.0) ("|-" "(" "(" "t" "+" "0" ")" "=" "t" "->" "t" "=" "t" ")"))))
(»»» treating label "mp")
(Assertion "mp" data: ((DVars ()) (FHyps (("wff" "P") ("wff" "Q"))) (EHyps (("|-" "P") ("|-" "(" "P" "->" "Q" ")"))) (Statement ("|-" "Q")) (Type "$a")))
(stack_len: 4.0 , npop: 4 , sp: 0.0)
("adding subst" "P" ("(" "t" "+" "0" ")" "=" "t"))
("adding subst" "Q" ("t" "=" "t"))
(new_conclusion: ("|-" "t" "=" "t"))
(stack ("mp") : (((Num 0) ("|-" "t" "=" "t"))))
(Comparing: ("|-" "t" "=" "t") "==" ("|-" "t" "=" "t"))
Correct proof!
("make_assertion" "th1" - ("|-" "t" "=" "t"))
("e_hyps lists:" ())
("e_levels:" (()))
("max_level of ehyps frame stack:" 0)
("e_hyps_list:" Nil)
("mand_vars:" ("t"))
("dvs:" ())
("f_hyps lists:" ((1 (Cons ("term" "t") (Cons ("term" "r") (Cons ("term" "s") (Cons ("wff" "P") (Cons ("wff" "Q") Nil))))))))
("f_levels:" (1))
("max_level of fhyps frame stack:" 1.0)
("collect list:" 1 - (Cons ("term" "t") (Cons ("term" "r") (Cons ("term" "s") (Cons ("wff" "P") (Cons ("wff" "Q") Nil))))))
("f_hyps_list:" (Cons ("term" "t") (Cons ("term" "r") (Cons ("term" "s") (Cons ("wff" "P") (Cons ("wff" "Q") Nil))))))
("f_hyps:" (Cons ("term" "t") Nil))
("mand_vars':" ())
("gathered assertion data:" () (("term" "t")) () ("|-" "t" "=" "t"))
[()]
[()]
[()]
[()]
[()]
[()]
[()]
[()]
[()]
[()]
[()]
[()]
[()]
[()]
[()]
[()]
[()]
[()]
[()]
[()]
[()]
[()]
[()]
[()]
[()]
[()]
[()]
[()]
[()]
[()]
[()]
[()]
[]
[(), ()]
[()]
[]
[()]
[(), (), (), (), (), (), (), (), (), ()]
